<?xml version="1.0" encoding="UTF-8"?>
<!-- Generated by org.testng.reporters.JUnitReportReporter -->
<testsuite hostname="Asus_Agustin" failures="0" tests="2" name="agustin.SendMsgTest" time="11.040" errors="0" timestamp="2024-04-25T18:17:17 ART" skipped="0">
  <testcase classname="agustin.SendMsgTest" name="testAction1" time="7.431"/>
  <testcase classname="agustin.SendMsgTest" name="testSendMsg" time="3.609"/>
</testsuite> <!-- agustin.SendMsgTest -->
