<?xml version="1.0" encoding="UTF-8"?>
<!-- Generated by org.testng.reporters.JUnitReportReporter -->
<testsuite hostname="Asus_Agustin" failures="0" tests="2" name="agustin.LoginTest" time="23.855" errors="0" timestamp="2024-04-25T18:17:17 ART" skipped="0">
  <testcase classname="agustin.LoginTest" name="testLoginPage" time="18.526"/>
  <testcase classname="agustin.LoginTest" name="testLoginPage" time="5.329"/>
</testsuite> <!-- agustin.LoginTest -->
