<?xml version="1.0" encoding="UTF-8"?>
<!-- Generated by org.testng.reporters.JUnitReportReporter -->
<testsuite hostname="Asus_Agustin" failures="0" tests="1" name="agustin.AppTest" time="0.003" errors="0" timestamp="2024-04-25T18:17:17 ART" skipped="0">
  <testcase classname="agustin.AppTest" name="shouldAnswerWithTrue" time="0.003"/>
</testsuite> <!-- agustin.AppTest -->
