<?xml version="1.0" encoding="UTF-8"?>
<!-- Generated by org.testng.reporters.JUnitReportReporter -->
<testsuite hostname="Asus_Agustin" failures="0" tests="1" name="agustin.SendMsgTest" time="4.172" errors="0" timestamp="2024-04-29T18:58:39 ART" skipped="0">
  <testcase classname="agustin.SendMsgTest" name="testAction1" time="4.172"/>
</testsuite> <!-- agustin.SendMsgTest -->
