<?xml version="1.0" encoding="UTF-8"?>
<!-- Generated by org.testng.reporters.JUnitReportReporter -->
<testsuite hostname="Asus_Agustin" failures="0" tests="4" name="agustin.LoginTest" time="29.857" errors="0" timestamp="2024-04-29T18:58:39 ART" skipped="0">
  <testcase classname="agustin.LoginTest" name="testInvalidLogin" time="5.350"/>
  <testcase classname="agustin.LoginTest" name="testValidLogin" time="13.036"/>
  <testcase classname="agustin.LoginTest" name="restorePasswordInvalidCredentials" time="6.165"/>
  <testcase classname="agustin.LoginTest" name="restorePassworrdInvalidCredentials" time="5.306"/>
</testsuite> <!-- agustin.LoginTest -->
